# JRE version: OpenJDK Runtime Environment (11.0.8+10) (build 11.0.8+10-b944.6842174)
# Java VM: OpenJDK 64-Bit Server VM (11.0.8+10-b944.6842174, mixed mode, tiered, compressed oops, g1 gc, windows-amd64)
Heap:
 garbage-first heap   total 367616K, used 276498K [0x0000000080000000, 0x0000000100000000)
  region size 1024K, 161 young (164864K), 10 survivors (10240K)
 Metaspace       used 98535K, capacity 101238K, committed 101324K, reserved 1136640K
  class space    used 12718K, capacity 13748K, committed 13772K, reserved 1048576K
GC Heap History (20 events):
Event: 48.433 GC heap before
{Heap before GC invocations=39 (full 0):
 garbage-first heap   total 259072K, used 171885K [0x0000000080000000, 0x0000000100000000)
  region size 1024K, 61 young (62464K), 2 survivors (2048K)
 Metaspace       used 96801K, capacity 99401K, committed 99660K, reserved 1134592K
  class space    used 12590K, capacity 13554K, committed 13644K, reserved 1048576K
}
Event: 48.441 GC heap after
{Heap after GC invocations=40 (full 0):
 garbage-first heap   total 259072K, used 112095K [0x0000000080000000, 0x0000000100000000)
  region size 1024K, 3 young (3072K), 3 survivors (3072K)
 Metaspace       used 96801K, capacity 99401K, committed 99660K, reserved 1134592K
  class space    used 12590K, capacity 13554K, committed 13644K, reserved 1048576K
}
Event: 48.810 GC heap before
{Heap before GC invocations=40 (full 0):
 garbage-first heap   total 259072K, used 176607K [0x0000000080000000, 0x0000000100000000)
  region size 1024K, 66 young (67584K), 3 survivors (3072K)
 Metaspace       used 97435K, capacity 100096K, committed 100300K, reserved 1136640K
  class space    used 12667K, capacity 13656K, committed 13772K, reserved 1048576K
}
Event: 48.819 GC heap after
{Heap after GC invocations=41 (full 0):
 garbage-first heap   total 259072K, used 112823K [0x0000000080000000, 0x0000000100000000)
  region size 1024K, 4 young (4096K), 4 survivors (4096K)
 Metaspace       used 97435K, capacity 100096K, committed 100300K, reserved 1136640K
  class space    used 12667K, capacity 13656K, committed 13772K, reserved 1048576K
}
Event: 49.232 GC heap before
{Heap before GC invocations=41 (full 0):
 garbage-first heap   total 259072K, used 182455K [0x0000000080000000, 0x0000000100000000)
  region size 1024K, 72 young (73728K), 4 survivors (4096K)
 Metaspace       used 97690K, capacity 100387K, committed 100556K, reserved 1136640K
  class space    used 12676K, capacity 13666K, committed 13772K, reserved 1048576K
}
Event: 49.245 GC heap after
{Heap after GC invocations=42 (full 0):
 garbage-first heap   total 259072K, used 112890K [0x0000000080000000, 0x0000000100000000)
  region size 1024K, 4 young (4096K), 4 survivors (4096K)
 Metaspace       used 97690K, capacity 100387K, committed 100556K, reserved 1136640K
  class space    used 12676K, capacity 13666K, committed 13772K, reserved 1048576K
}
Event: 49.655 GC heap before
{Heap before GC invocations=42 (full 0):
 garbage-first heap   total 259072K, used 187642K [0x0000000080000000, 0x0000000100000000)
  region size 1024K, 77 young (78848K), 4 survivors (4096K)
 Metaspace       used 97804K, capacity 100470K, committed 100812K, reserved 1136640K
  class space    used 12677K, capacity 13668K, committed 13772K, reserved 1048576K
}
Event: 49.674 GC heap after
{Heap after GC invocations=43 (full 0):
 garbage-first heap   total 259072K, used 114403K [0x0000000080000000, 0x0000000100000000)
  region size 1024K, 5 young (5120K), 5 survivors (5120K)
 Metaspace       used 97804K, capacity 100470K, committed 100812K, reserved 1136640K
  class space    used 12677K, capacity 13668K, committed 13772K, reserved 1048576K
}
Event: 50.040 GC heap before
{Heap before GC invocations=43 (full 0):
 garbage-first heap   total 259072K, used 195299K [0x0000000080000000, 0x0000000100000000)
  region size 1024K, 84 young (86016K), 5 survivors (5120K)
 Metaspace       used 97876K, capacity 100542K, committed 100812K, reserved 1136640K
  class space    used 12677K, capacity 13668K, committed 13772K, reserved 1048576K
}
Event: 50.060 GC heap after
{Heap after GC invocations=44 (full 0):
 garbage-first heap   total 259072K, used 114749K [0x0000000080000000, 0x0000000100000000)
  region size 1024K, 6 young (6144K), 6 survivors (6144K)
 Metaspace       used 97876K, capacity 100542K, committed 100812K, reserved 1136640K
  class space    used 12677K, capacity 13668K, committed 13772K, reserved 1048576K
}
Event: 50.412 GC heap before
{Heap before GC invocations=44 (full 0):
 garbage-first heap   total 259072K, used 198717K [0x0000000080000000, 0x0000000100000000)
  region size 1024K, 88 young (90112K), 6 survivors (6144K)
 Metaspace       used 97918K, capacity 100558K, committed 100812K, reserved 1136640K
  class space    used 12679K, capacity 13672K, committed 13772K, reserved 1048576K
}
Event: 50.438 GC heap after
{Heap after GC invocations=45 (full 0):
 garbage-first heap   total 259072K, used 115565K [0x0000000080000000, 0x0000000100000000)
  region size 1024K, 6 young (6144K), 6 survivors (6144K)
 Metaspace       used 97918K, capacity 100558K, committed 100812K, reserved 1136640K
  class space    used 12679K, capacity 13672K, committed 13772K, reserved 1048576K
}
Event: 50.844 GC heap before
{Heap before GC invocations=45 (full 0):
 garbage-first heap   total 259072K, used 209773K [0x0000000080000000, 0x0000000100000000)
  region size 1024K, 98 young (100352K), 6 survivors (6144K)
 Metaspace       used 98056K, capacity 100709K, committed 100812K, reserved 1136640K
  class space    used 12682K, capacity 13675K, committed 13772K, reserved 1048576K
}
Event: 50.886 GC heap after
{Heap after GC invocations=46 (full 0):
 garbage-first heap   total 259072K, used 118708K [0x0000000080000000, 0x0000000100000000)
  region size 1024K, 10 young (10240K), 10 survivors (10240K)
 Metaspace       used 98056K, capacity 100709K, committed 100812K, reserved 1136640K
  class space    used 12682K, capacity 13675K, committed 13772K, reserved 1048576K
}
Event: 51.295 GC heap before
{Heap before GC invocations=46 (full 0):
 garbage-first heap   total 259072K, used 209844K [0x0000000080000000, 0x0000000100000000)
  region size 1024K, 99 young (101376K), 10 survivors (10240K)
 Metaspace       used 98071K, capacity 100713K, committed 100812K, reserved 1136640K
  class space    used 12682K, capacity 13675K, committed 13772K, reserved 1048576K
}
Event: 51.345 GC heap after
{Heap after GC invocations=47 (full 0):
 garbage-first heap   total 367616K, used 118469K [0x0000000080000000, 0x0000000100000000)
  region size 1024K, 7 young (7168K), 7 survivors (7168K)
 Metaspace       used 98071K, capacity 100713K, committed 100812K, reserved 1136640K
  class space    used 12682K, capacity 13675K, committed 13772K, reserved 1048576K
}
Event: 52.630 GC heap before
{Heap before GC invocations=47 (full 0):
 garbage-first heap   total 367616K, used 241349K [0x0000000080000000, 0x0000000100000000)
  region size 1024K, 128 young (131072K), 7 survivors (7168K)
 Metaspace       used 98096K, capacity 100714K, committed 100812K, reserved 1136640K
  class space    used 12682K, capacity 13675K, committed 13772K, reserved 1048576K
}
Event: 52.760 GC heap after
{Heap after GC invocations=48 (full 0):
 garbage-first heap   total 367616K, used 120101K [0x0000000080000000, 0x0000000100000000)
  region size 1024K, 8 young (8192K), 8 survivors (8192K)
 Metaspace       used 98096K, capacity 100714K, committed 100812K, reserved 1136640K
  class space    used 12682K, capacity 13675K, committed 13772K, reserved 1048576K
}
Event: 54.391 GC heap before
{Heap before GC invocations=48 (full 0):
 garbage-first heap   total 367616K, used 285989K [0x0000000080000000, 0x0000000100000000)
  region size 1024K, 170 young (174080K), 8 survivors (8192K)
 Metaspace       used 98337K, capacity 101071K, committed 101324K, reserved 1136640K
  class space    used 12718K, capacity 13748K, committed 13772K, reserved 1048576K
}
Event: 54.472 GC heap after
{Heap after GC invocations=49 (full 0):
 garbage-first heap   total 367616K, used 121874K [0x0000000080000000, 0x0000000100000000)
  region size 1024K, 10 young (10240K), 10 survivors (10240K)
 Metaspace       used 98337K, capacity 101071K, committed 101324K, reserved 1136640K
  class space    used 12718K, capacity 13748K, committed 13772K, reserved 1048576K
}

