# JRE version: OpenJDK Runtime Environment (11.0.8+10) (build 11.0.8+10-b944.6842174)
# Java VM: OpenJDK 64-Bit Server VM (11.0.8+10-b944.6842174, mixed mode, tiered, compressed oops, g1 gc, windows-amd64)
Heap:
 garbage-first heap   total 448512K, used 137445K [0x0000000080000000, 0x0000000100000000)
  region size 1024K, 30 young (30720K), 6 survivors (6144K)
 Metaspace       used 112388K, capacity 115334K, committed 115584K, reserved 1150976K
  class space    used 13904K, capacity 14931K, committed 14976K, reserved 1048576K
GC Heap History (20 events):
Event: 3469.854 GC heap before
{Heap before GC invocations=68 (full 0):
 garbage-first heap   total 448512K, used 132153K [0x0000000080000000, 0x0000000100000000)
  region size 1024K, 30 young (30720K), 1 survivors (1024K)
 Metaspace       used 108910K, capacity 111729K, committed 111872K, reserved 1146880K
  class space    used 13518K, capacity 14477K, committed 14592K, reserved 1048576K
}
Event: 3469.966 GC heap after
{Heap after GC invocations=69 (full 0):
 garbage-first heap   total 448512K, used 102729K [0x0000000080000000, 0x0000000100000000)
  region size 1024K, 1 young (1024K), 1 survivors (1024K)
 Metaspace       used 108910K, capacity 111729K, committed 111872K, reserved 1146880K
  class space    used 13518K, capacity 14477K, committed 14592K, reserved 1048576K
}
Event: 6329.696 GC heap before
{Heap before GC invocations=69 (full 0):
 garbage-first heap   total 448512K, used 152905K [0x0000000080000000, 0x0000000100000000)
  region size 1024K, 51 young (52224K), 1 survivors (1024K)
 Metaspace       used 108931K, capacity 111729K, committed 111872K, reserved 1146880K
  class space    used 13518K, capacity 14477K, committed 14592K, reserved 1048576K
}
Event: 6331.105 GC heap after
{Heap after GC invocations=70 (full 0):
 garbage-first heap   total 448512K, used 102614K [0x0000000080000000, 0x0000000100000000)
  region size 1024K, 1 young (1024K), 1 survivors (1024K)
 Metaspace       used 108931K, capacity 111729K, committed 111872K, reserved 1146880K
  class space    used 13518K, capacity 14477K, committed 14592K, reserved 1048576K
}
Event: 7476.726 GC heap before
{Heap before GC invocations=70 (full 0):
 garbage-first heap   total 448512K, used 123094K [0x0000000080000000, 0x0000000100000000)
  region size 1024K, 21 young (21504K), 1 survivors (1024K)
 Metaspace       used 108931K, capacity 111729K, committed 111872K, reserved 1146880K
  class space    used 13518K, capacity 14477K, committed 14592K, reserved 1048576K
}
Event: 7476.820 GC heap after
{Heap after GC invocations=71 (full 0):
 garbage-first heap   total 448512K, used 102582K [0x0000000080000000, 0x0000000100000000)
  region size 1024K, 1 young (1024K), 1 survivors (1024K)
 Metaspace       used 108931K, capacity 111729K, committed 111872K, reserved 1146880K
  class space    used 13518K, capacity 14477K, committed 14592K, reserved 1048576K
}
Event: 8606.237 GC heap before
{Heap before GC invocations=71 (full 0):
 garbage-first heap   total 448512K, used 123062K [0x0000000080000000, 0x0000000100000000)
  region size 1024K, 21 young (21504K), 1 survivors (1024K)
 Metaspace       used 108931K, capacity 111729K, committed 111872K, reserved 1146880K
  class space    used 13518K, capacity 14477K, committed 14592K, reserved 1048576K
}
Event: 8606.280 GC heap after
{Heap after GC invocations=72 (full 0):
 garbage-first heap   total 448512K, used 102573K [0x0000000080000000, 0x0000000100000000)
  region size 1024K, 1 young (1024K), 1 survivors (1024K)
 Metaspace       used 108931K, capacity 111729K, committed 111872K, reserved 1146880K
  class space    used 13518K, capacity 14477K, committed 14592K, reserved 1048576K
}
Event: 9736.520 GC heap before
{Heap before GC invocations=72 (full 0):
 garbage-first heap   total 448512K, used 123053K [0x0000000080000000, 0x0000000100000000)
  region size 1024K, 21 young (21504K), 1 survivors (1024K)
 Metaspace       used 108931K, capacity 111729K, committed 111872K, reserved 1146880K
  class space    used 13518K, capacity 14477K, committed 14592K, reserved 1048576K
}
Event: 9736.577 GC heap after
{Heap after GC invocations=73 (full 0):
 garbage-first heap   total 448512K, used 102570K [0x0000000080000000, 0x0000000100000000)
  region size 1024K, 1 young (1024K), 1 survivors (1024K)
 Metaspace       used 108931K, capacity 111729K, committed 111872K, reserved 1146880K
  class space    used 13518K, capacity 14477K, committed 14592K, reserved 1048576K
}
Event: 10442.021 GC heap before
{Heap before GC invocations=73 (full 0):
 garbage-first heap   total 448512K, used 123050K [0x0000000080000000, 0x0000000100000000)
  region size 1024K, 21 young (21504K), 1 survivors (1024K)
 Metaspace       used 109076K, capacity 111921K, committed 112128K, reserved 1146880K
  class space    used 13538K, capacity 14506K, committed 14592K, reserved 1048576K
}
Event: 10442.061 GC heap after
{Heap after GC invocations=74 (full 0):
 garbage-first heap   total 448512K, used 103934K [0x0000000080000000, 0x0000000100000000)
  region size 1024K, 2 young (2048K), 2 survivors (2048K)
 Metaspace       used 109076K, capacity 111921K, committed 112128K, reserved 1146880K
  class space    used 13538K, capacity 14506K, committed 14592K, reserved 1048576K
}
Event: 10451.753 GC heap before
{Heap before GC invocations=74 (full 0):
 garbage-first heap   total 448512K, used 138750K [0x0000000080000000, 0x0000000100000000)
  region size 1024K, 36 young (36864K), 2 survivors (2048K)
 Metaspace       used 110376K, capacity 113323K, committed 113536K, reserved 1148928K
  class space    used 13716K, capacity 14706K, committed 14720K, reserved 1048576K
}
Event: 10451.846 GC heap after
{Heap after GC invocations=75 (full 0):
 garbage-first heap   total 448512K, used 107062K [0x0000000080000000, 0x0000000100000000)
  region size 1024K, 5 young (5120K), 5 survivors (5120K)
 Metaspace       used 110376K, capacity 113323K, committed 113536K, reserved 1148928K
  class space    used 13716K, capacity 14706K, committed 14720K, reserved 1048576K
}
Event: 10462.512 GC heap before
{Heap before GC invocations=75 (full 0):
 garbage-first heap   total 448512K, used 131638K [0x0000000080000000, 0x0000000100000000)
  region size 1024K, 30 young (30720K), 5 survivors (5120K)
 Metaspace       used 110842K, capacity 113863K, committed 114176K, reserved 1148928K
  class space    used 13771K, capacity 14787K, committed 14848K, reserved 1048576K
}
Event: 10462.688 GC heap after
{Heap after GC invocations=76 (full 0):
 garbage-first heap   total 448512K, used 108352K [0x0000000080000000, 0x0000000100000000)
  region size 1024K, 2 young (2048K), 2 survivors (2048K)
 Metaspace       used 110842K, capacity 113863K, committed 114176K, reserved 1148928K
  class space    used 13771K, capacity 14787K, committed 14848K, reserved 1048576K
}
Event: 10466.476 GC heap before
{Heap before GC invocations=76 (full 0):
 garbage-first heap   total 448512K, used 134976K [0x0000000080000000, 0x0000000100000000)
  region size 1024K, 29 young (29696K), 2 survivors (2048K)
 Metaspace       used 111843K, capacity 114814K, committed 115072K, reserved 1148928K
  class space    used 13879K, capacity 14929K, committed 14976K, reserved 1048576K
}
Event: 10466.497 GC heap after
{Heap after GC invocations=77 (full 0):
 garbage-first heap   total 448512K, used 109112K [0x0000000080000000, 0x0000000100000000)
  region size 1024K, 3 young (3072K), 3 survivors (3072K)
 Metaspace       used 111843K, capacity 114814K, committed 115072K, reserved 1148928K
  class space    used 13879K, capacity 14929K, committed 14976K, reserved 1048576K
}
Event: 10471.033 GC heap before
{Heap before GC invocations=77 (full 0):
 garbage-first heap   total 448512K, used 151096K [0x0000000080000000, 0x0000000100000000)
  region size 1024K, 45 young (46080K), 3 survivors (3072K)
 Metaspace       used 112087K, capacity 115073K, committed 115328K, reserved 1148928K
  class space    used 13879K, capacity 14929K, committed 14976K, reserved 1048576K
}
Event: 10471.119 GC heap after
{Heap after GC invocations=78 (full 0):
 garbage-first heap   total 448512K, used 114917K [0x0000000080000000, 0x0000000100000000)
  region size 1024K, 6 young (6144K), 6 survivors (6144K)
 Metaspace       used 112087K, capacity 115073K, committed 115328K, reserved 1148928K
  class space    used 13879K, capacity 14929K, committed 14976K, reserved 1048576K
}

