# JRE version: OpenJDK Runtime Environment (11.0.8+10) (build 11.0.8+10-b944.6842174)
# Java VM: OpenJDK 64-Bit Server VM (11.0.8+10-b944.6842174, mixed mode, tiered, compressed oops, g1 gc, windows-amd64)
Heap:
 garbage-first heap   total 705536K, used 123367K [0x0000000080000000, 0x0000000100000000)
  region size 1024K, 15 young (15360K), 15 survivors (15360K)
 Metaspace       used 92343K, capacity 94709K, committed 94976K, reserved 1132544K
  class space    used 11878K, capacity 12742K, committed 12800K, reserved 1048576K
GC Heap History (20 events):
Event: 29.261 GC heap after
{Heap after GC invocations=46 (full 0):
 garbage-first heap   total 287744K, used 103931K [0x0000000080000000, 0x0000000100000000)
  region size 1024K, 3 young (3072K), 3 survivors (3072K)
 Metaspace       used 90311K, capacity 92509K, committed 92672K, reserved 1130496K
  class space    used 11683K, capacity 12479K, committed 12544K, reserved 1048576K
}
Event: 29.904 GC heap before
{Heap before GC invocations=46 (full 0):
 garbage-first heap   total 287744K, used 222715K [0x0000000080000000, 0x0000000100000000)
  region size 1024K, 119 young (121856K), 3 survivors (3072K)
 Metaspace       used 90353K, capacity 92586K, committed 92672K, reserved 1130496K
  class space    used 11686K, capacity 12482K, committed 12544K, reserved 1048576K
}
Event: 29.956 GC heap after
{Heap after GC invocations=47 (full 0):
 garbage-first heap   total 287744K, used 105002K [0x0000000080000000, 0x0000000100000000)
  region size 1024K, 4 young (4096K), 4 survivors (4096K)
 Metaspace       used 90353K, capacity 92586K, committed 92672K, reserved 1130496K
  class space    used 11686K, capacity 12482K, committed 12544K, reserved 1048576K
}
Event: 30.902 GC heap before
{Heap before GC invocations=47 (full 0):
 garbage-first heap   total 287744K, used 227882K [0x0000000080000000, 0x0000000100000000)
  region size 1024K, 124 young (126976K), 4 survivors (4096K)
 Metaspace       used 90703K, capacity 92860K, committed 92928K, reserved 1130496K
  class space    used 11692K, capacity 12484K, committed 12544K, reserved 1048576K
}
Event: 30.924 GC heap after
{Heap after GC invocations=48 (full 0):
 garbage-first heap   total 287744K, used 106970K [0x0000000080000000, 0x0000000100000000)
  region size 1024K, 6 young (6144K), 6 survivors (6144K)
 Metaspace       used 90703K, capacity 92860K, committed 92928K, reserved 1130496K
  class space    used 11692K, capacity 12484K, committed 12544K, reserved 1048576K
}
Event: 31.990 GC heap before
{Heap before GC invocations=48 (full 0):
 garbage-first heap   total 287744K, used 232922K [0x0000000080000000, 0x0000000100000000)
  region size 1024K, 129 young (132096K), 6 survivors (6144K)
 Metaspace       used 90782K, capacity 92940K, committed 93184K, reserved 1130496K
  class space    used 11693K, capacity 12485K, committed 12544K, reserved 1048576K
}
Event: 32.013 GC heap after
{Heap after GC invocations=49 (full 0):
 garbage-first heap   total 287744K, used 108241K [0x0000000080000000, 0x0000000100000000)
  region size 1024K, 7 young (7168K), 7 survivors (7168K)
 Metaspace       used 90782K, capacity 92940K, committed 93184K, reserved 1130496K
  class space    used 11693K, capacity 12485K, committed 12544K, reserved 1048576K
}
Event: 32.613 GC heap before
{Heap before GC invocations=49 (full 0):
 garbage-first heap   total 287744K, used 238289K [0x0000000080000000, 0x0000000100000000)
  region size 1024K, 134 young (137216K), 7 survivors (7168K)
 Metaspace       used 90825K, capacity 93016K, committed 93184K, reserved 1130496K
  class space    used 11697K, capacity 12488K, committed 12544K, reserved 1048576K
}
Event: 32.628 GC heap after
{Heap after GC invocations=50 (full 0):
 garbage-first heap   total 287744K, used 109151K [0x0000000080000000, 0x0000000100000000)
  region size 1024K, 8 young (8192K), 8 survivors (8192K)
 Metaspace       used 90825K, capacity 93016K, committed 93184K, reserved 1130496K
  class space    used 11697K, capacity 12488K, committed 12544K, reserved 1048576K
}
Event: 34.235 GC heap before
{Heap before GC invocations=50 (full 0):
 garbage-first heap   total 287744K, used 239199K [0x0000000080000000, 0x0000000100000000)
  region size 1024K, 135 young (138240K), 8 survivors (8192K)
 Metaspace       used 90849K, capacity 93022K, committed 93184K, reserved 1130496K
  class space    used 11697K, capacity 12488K, committed 12544K, reserved 1048576K
}
Event: 34.301 GC heap after
{Heap after GC invocations=51 (full 0):
 garbage-first heap   total 287744K, used 110592K [0x0000000080000000, 0x0000000100000000)
  region size 1024K, 9 young (9216K), 9 survivors (9216K)
 Metaspace       used 90849K, capacity 93022K, committed 93184K, reserved 1130496K
  class space    used 11697K, capacity 12488K, committed 12544K, reserved 1048576K
}
Event: 36.249 GC heap before
{Heap before GC invocations=51 (full 0):
 garbage-first heap   total 287744K, used 240640K [0x0000000080000000, 0x0000000100000000)
  region size 1024K, 137 young (140288K), 9 survivors (9216K)
 Metaspace       used 90867K, capacity 93024K, committed 93184K, reserved 1130496K
  class space    used 11697K, capacity 12488K, committed 12544K, reserved 1048576K
}
Event: 36.310 GC heap after
{Heap after GC invocations=52 (full 0):
 garbage-first heap   total 357376K, used 112455K [0x0000000080000000, 0x0000000100000000)
  region size 1024K, 11 young (11264K), 11 survivors (11264K)
 Metaspace       used 90867K, capacity 93024K, committed 93184K, reserved 1130496K
  class space    used 11697K, capacity 12488K, committed 12544K, reserved 1048576K
}
Event: 37.620 GC heap before
{Heap before GC invocations=52 (full 0):
 garbage-first heap   total 357376K, used 290631K [0x0000000080000000, 0x0000000100000000)
  region size 1024K, 186 young (190464K), 11 survivors (11264K)
 Metaspace       used 90893K, capacity 93092K, committed 93184K, reserved 1130496K
  class space    used 11698K, capacity 12489K, committed 12544K, reserved 1048576K
}
Event: 37.713 GC heap after
{Heap after GC invocations=53 (full 0):
 garbage-first heap   total 357376K, used 116686K [0x0000000080000000, 0x0000000100000000)
  region size 1024K, 15 young (15360K), 15 survivors (15360K)
 Metaspace       used 90893K, capacity 93092K, committed 93184K, reserved 1130496K
  class space    used 11698K, capacity 12489K, committed 12544K, reserved 1048576K
}
Event: 38.388 GC heap before
{Heap before GC invocations=53 (full 0):
 garbage-first heap   total 357376K, used 302030K [0x0000000080000000, 0x0000000100000000)
  region size 1024K, 196 young (200704K), 15 survivors (15360K)
 Metaspace       used 90910K, capacity 93097K, committed 93184K, reserved 1130496K
  class space    used 11699K, capacity 12490K, committed 12544K, reserved 1048576K
}
Event: 38.579 GC heap after
{Heap after GC invocations=54 (full 0):
 garbage-first heap   total 357376K, used 119371K [0x0000000080000000, 0x0000000100000000)
  region size 1024K, 17 young (17408K), 17 survivors (17408K)
 Metaspace       used 90910K, capacity 93097K, committed 93184K, reserved 1130496K
  class space    used 11699K, capacity 12490K, committed 12544K, reserved 1048576K
}
Event: 40.309 GC heap before
{Heap before GC invocations=54 (full 0):
 garbage-first heap   total 357376K, used 302667K [0x0000000080000000, 0x0000000100000000)
  region size 1024K, 196 young (200704K), 17 survivors (17408K)
 Metaspace       used 91008K, capacity 93294K, committed 93440K, reserved 1130496K
  class space    used 11718K, capacity 12536K, committed 12544K, reserved 1048576K
}
Event: 40.560 GC heap after
{Heap after GC invocations=55 (full 0):
 garbage-first heap   total 357376K, used 119491K [0x0000000080000000, 0x0000000100000000)
  region size 1024K, 14 young (14336K), 14 survivors (14336K)
 Metaspace       used 91008K, capacity 93294K, committed 93440K, reserved 1130496K
  class space    used 11718K, capacity 12536K, committed 12544K, reserved 1048576K
}
Event: 43.178 GC heap before
{Heap before GC invocations=55 (full 0):
 garbage-first heap   total 357376K, used 306883K [0x0000000080000000, 0x0000000100000000)
  region size 1024K, 196 young (200704K), 14 survivors (14336K)
 Metaspace       used 92343K, capacity 94709K, committed 94976K, reserved 1132544K
  class space    used 11878K, capacity 12742K, committed 12800K, reserved 1048576K
}

